C51 COMPILER V9.59.0.0   LED                                                               02/01/2024 21:24:54 PAGE 1   


C51 COMPILER V9.59.0.0, COMPILATION OF MODULE LED
OBJECT MODULE PLACED IN .\Objects\LED.obj
COMPILER INVOKED BY: D:\Keil_v5\C51\BIN\C51.EXE LED.c OPTIMIZE(8,SPEED) BROWSE DEBUG OBJECTEXTEND PRINT(.\Listings\LED.l
                    -st) TABS(2) OBJECT(.\Objects\LED.obj)

line level    source

   1          #include <reg52.h>  //包含特殊功能寄存器定义的头文件
   2          
   3          sbit LED = P0^0;    //位地址声明，注意：sbit 必须小写、P 大写！
   4          sbit ADDR0 = P1^0;
   5          sbit ADDR1 = P1^1;
   6          sbit ADDR2 = P1^2;
   7          sbit ADDR3 = P1^3;
   8          sbit ENLED = P1^4;
   9          
  10          void main()       //任何一个 C 程序都必须有且仅有一个 main 函数
  11          {                 //{}是成对存在的，在这里表示函数的起始和结束
  12   1          ENLED = 0;
  13   1          ADDR3 = 1;
  14   1          ADDR2 = 1;
  15   1          ADDR1 = 1;
  16   1          ADDR0 = 0;
  17   1          //分号表示一条语句结束，点亮小灯
  18   1          //LED = 0;
  19   1          //熄灭小灯
  20   1          LED = 1;  
  21   1          while (1);        //程序停止在这里
  22   1      }
  23          
  24          //在程序运行时，超出想运行的程序代码会出错从而可能导致单片机自动复位，
  25          //通常在程序中加入一个死循环，让程序停留在我们希望的这个状态下，
  26          //不要乱运行，有以下两种写法可以参考
  27          // 第一种
  28          // #include <reg52.h>  
  29          
  30          // sbit LED = P0^0;    
  31          
  32          // void main()
  33          // {
  34          //     while(1)
  35          //     {                   
  36          //         LED = 0;       
  37          //     }
  38          // }
  39          
  40          
  41          // 第二种
  42          // #include <reg52.h>  
  43          
  44          // sbit LED = P0^0;    
  45          
  46          // void main()
  47          // {                  
  48          //     LED = 0;       
  49          //     while(1);
  50          // }


MODULE INFORMATION:   STATIC OVERLAYABLE
   CODE SIZE        =     14    ----
C51 COMPILER V9.59.0.0   LED                                                               02/01/2024 21:24:54 PAGE 2   

   CONSTANT SIZE    =   ----    ----
   XDATA SIZE       =   ----    ----
   PDATA SIZE       =   ----    ----
   DATA SIZE        =   ----    ----
   IDATA SIZE       =   ----    ----
   BIT SIZE         =   ----    ----
END OF MODULE INFORMATION.


C51 COMPILATION COMPLETE.  0 WARNING(S),  0 ERROR(S)
